<?xml version="1.0" encoding="UTF-8"?>
<!-- Generated by org.testng.reporters.JUnitXMLReporter -->
<testsuite ignored="2" hostname="Sakthi" failures="0" tests="1" name="Default test" time="3.75" errors="0" timestamp="2024-05-20T20:55:03 IST">
  <testcase classname="Execution.TestRunner" name="getAmazon" time="3.6"/>
  <testcase classname="Execution.TestRunner" name="url" time="0.0">
    <ignored/>
  </testcase> <!-- url -->
  <testcase classname="Execution.TestRunner" name="git_Get" time="0.0">
    <ignored/>
  </testcase> <!-- git_Get -->
</testsuite> <!-- Default test -->
