<?xml version="1.0" encoding="UTF-8"?>
<testng-results ignored="2" total="3" passed="1" failed="0" skipped="0">
  <reporter-output>
  </reporter-output>
  <suite started-at="2024-05-20T20:54:59 IST" name="Default suite" finished-at="2024-05-20T20:55:03 IST" duration-ms="3750">
    <groups>
    </groups>
    <test started-at="2024-05-20T20:54:59 IST" name="Default test" finished-at="2024-05-20T20:55:03 IST" duration-ms="3750">
      <class name="Execution.TestRunner">
        <test-method signature="getAmazon()[pri:0, instance:Execution.TestRunner@5824a83d]" started-at="2024-05-20T20:54:59 IST" name="getAmazon" finished-at="2024-05-20T20:55:03 IST" duration-ms="3600" status="PASS">
          <reporter-output>
          </reporter-output>
        </test-method> <!-- getAmazon -->
      </class> <!-- Execution.TestRunner -->
    </test> <!-- Default test -->
  </suite> <!-- Default suite -->
</testng-results>
